<?xml version="1.0" encoding="UTF-8"?>
<testsuite xmlns:xsi="http://www.w3.org/2001/XMLSchema-instance" xsi:noNamespaceSchemaLocation="https://maven.apache.org/surefire/maven-surefire-plugin/xsd/surefire-test-report.xsd" name="com.eloqua.api.bulk.clients.contacts.ContactFieldTests" time="0.357" tests="1" errors="1" skipped="0" failures="0">
  <properties>
[...]
</properties>
  <testcase name="SearchFieldsTests" classname="com.eloqua.api.bulk.clients.contacts.ContactFieldTests" time="0.357">
    <error type="java.lang.NullPointerException">java.lang.NullPointerException
	at com.eloqua.api.bulk.clients.contacts.ContactFieldTests.SearchFieldsTests(ContactFieldTests.java:18)
</error>
  </testcase>
</testsuite>